<?xml version="1.0" encoding="UTF-8"?>
<!-- Generated by org.testng.reporters.JUnitXMLReporter -->
<testsuite ignored="1" hostname="DESKTOP-QVM6J4J" failures="0" tests="2" name="Test" time="10.503" errors="0" timestamp="2024-01-11T09:21:36 IST">
  <testcase classname="com.Test.VerifyLoginTest" name="verify_TC001" time="0.397"/>
  <testcase classname="com.Test.VerifyHomepageTest" name="veriftTC_002" time="0.008"/>
  <testcase classname="com.Utility.BaseClass" name="@BeforeSuite BS" time="0.0">
    <ignored/>
  </testcase> <!-- @BeforeSuite BS -->
</testsuite> <!-- Test -->
