<?xml version="1.0" encoding="UTF-8"?>
<testng-results ignored="0" total="2" passed="2" failed="0" skipped="0">
  <reporter-output>
  </reporter-output>
  <suite started-at="2024-01-09T09:15:51 IST" name="Suite" finished-at="2024-01-09T09:16:03 IST" duration-ms="11915">
    <groups>
    </groups>
    <test started-at="2024-01-09T09:15:51 IST" name="Test" finished-at="2024-01-09T09:16:03 IST" duration-ms="11915">
      <class name="com.Test.VerifyLoginTest">
        <test-method is-config="true" signature="setUp()[pri:0, instance:com.Test.VerifyLoginTest@10d307f1]" started-at="2024-01-09T09:15:51 IST" name="setUp" finished-at="2024-01-09T09:15:57 IST" duration-ms="5602" status="PASS">
          <reporter-output>
          </reporter-output>
        </test-method> <!-- setUp -->
        <test-method signature="verify_TC001()[pri:0, instance:com.Test.VerifyLoginTest@10d307f1]" started-at="2024-01-09T09:15:57 IST" name="verify_TC001" finished-at="2024-01-09T09:15:57 IST" duration-ms="695" status="PASS">
          <reporter-output>
          </reporter-output>
        </test-method> <!-- verify_TC001 -->
        <test-method is-config="true" signature="tearDown()[pri:0, instance:com.Test.VerifyLoginTest@10d307f1]" started-at="2024-01-09T09:15:57 IST" name="tearDown" finished-at="2024-01-09T09:15:58 IST" duration-ms="977" status="PASS">
          <reporter-output>
          </reporter-output>
        </test-method> <!-- tearDown -->
      </class> <!-- com.Test.VerifyLoginTest -->
      <class name="com.Test.VerifyHomepageTest">
        <test-method is-config="true" signature="setUp()[pri:0, instance:com.Test.VerifyHomepageTest@7bd4937b]" started-at="2024-01-09T09:15:58 IST" name="setUp" finished-at="2024-01-09T09:16:02 IST" duration-ms="3731" status="PASS">
          <reporter-output>
          </reporter-output>
        </test-method> <!-- setUp -->
        <test-method signature="veriftTC_002()[pri:0, instance:com.Test.VerifyHomepageTest@7bd4937b]" started-at="2024-01-09T09:16:02 IST" name="veriftTC_002" finished-at="2024-01-09T09:16:02 IST" duration-ms="2" status="PASS">
          <reporter-output>
          </reporter-output>
        </test-method> <!-- veriftTC_002 -->
        <test-method is-config="true" signature="tearDown()[pri:0, instance:com.Test.VerifyHomepageTest@7bd4937b]" started-at="2024-01-09T09:16:02 IST" name="tearDown" finished-at="2024-01-09T09:16:03 IST" duration-ms="849" status="PASS">
          <reporter-output>
          </reporter-output>
        </test-method> <!-- tearDown -->
      </class> <!-- com.Test.VerifyHomepageTest -->
    </test> <!-- Test -->
  </suite> <!-- Suite -->
</testng-results>
